<?xml version="1.0" encoding="UTF-8"?>
<testsuite xmlns:xsi="http://www.w3.org/2001/XMLSchema-instance" xsi:noNamespaceSchemaLocation="https://maven.apache.org/surefire/maven-surefire-plugin/xsd/surefire-test-report.xsd" name="uel.ati.mercado.repository.ProdutoRepositoryTest" time="1.422" tests="2" errors="0" skipped="0" failures="0">
  <properties>
[...]
</properties>
  <testcase name="create" classname="uel.ati.mercado.repository.ProdutoRepositoryTest" time="0.176"/>
  <testcase name="testValidation" classname="uel.ati.mercado.repository.ProdutoRepositoryTest" time="0.031"/>
</testsuite>